  main.cpp
c:\dev\a.i project\artificial intelligence\elarsa\stringsutil\src\s_util.h(33): warning C4251: 'Es::S_util::s_stringLower': class 'std::basic_string<char,std::char_traits<char>,std::allocator<char>>' needs to have dll-interface to be used by clients of class 'Es::S_util'
  c:\program files (x86)\microsoft visual studio\2017\community\vc\tools\msvc\14.15.26726\include\xstring(4373): note: see declaration of 'std::basic_string<char,std::char_traits<char>,std::allocator<char>>'
c:\dev\a.i project\artificial intelligence\elarsa\stringsutil\src\s_util.h(34): warning C4251: 'Es::S_util::s_stringUpper': class 'std::basic_string<char,std::char_traits<char>,std::allocator<char>>' needs to have dll-interface to be used by clients of class 'Es::S_util'
  c:\program files (x86)\microsoft visual studio\2017\community\vc\tools\msvc\14.15.26726\include\xstring(4373): note: see declaration of 'std::basic_string<char,std::char_traits<char>,std::allocator<char>>'
c:\dev\a.i project\artificial intelligence\elarsa\elarsa\src\main.cpp(38): warning C4244: 'argument': conversion from 'time_t' to 'unsigned int', possible loss of data
  Generating code
  All 266 functions were compiled because no usable IPDB/IOBJ from previous compilation was found.
  Finished generating code
  Elarsa.vcxproj -> C:\dev\A.i project\Artificial Intelligence\Elarsa\x64\Release\Elarsa.exe

Project Performance Summary:
       12 ms  C:\dev\A.i project\Artificial Intelligence\Elarsa\AI_Assist\AI_Assist.vcxproj   4 calls
                  1 ms  GetTargetPath                              1 calls
                  9 ms  GetNativeManifest                          1 calls
                  2 ms  GetResolvedLinkLibs                        1 calls
                  0 ms  GetCopyToOutputDirectoryItems              1 calls
       13 ms  C:\dev\A.i project\Artificial Intelligence\Elarsa\StringsUtil\StringsUtil.vcxproj   4 calls
                  1 ms  GetTargetPath                              1 calls
                  9 ms  GetNativeManifest                          1 calls
                  2 ms  GetResolvedLinkLibs                        1 calls
                  1 ms  GetCopyToOutputDirectoryItems              1 calls
     7775 ms  C:\dev\A.i project\Artificial Intelligence\Elarsa\Elarsa\Elarsa.vcxproj   1 calls
               7775 ms  Build                                      1 calls

Target Performance Summary:
        0 ms  AfterResourceCompile                       1 calls
        0 ms  SplitResourcesByCulture                    1 calls
        0 ms  AssignTargetPaths                          1 calls
        0 ms  ComputeResolveLinkObj                      1 calls
        0 ms  ComputeLinkInputsFromProject               1 calls
        0 ms  ComputeCLOutputs                           1 calls
        0 ms  ComputeManifestGeneratedLinkerInputs       1 calls
        0 ms  ComputeRCGeneratedLinkInputs               1 calls
        0 ms  ComputeRCOutputs                           1 calls
        0 ms  CreateCustomManifestResourceNames          1 calls
        0 ms  BeforeLink                                 1 calls
        0 ms  _BuildCompileAction                        1 calls
        0 ms  AfterBuildCompileEvent                     1 calls
        0 ms  _ResourceCompile                           1 calls
        0 ms  MakeDirsForResourceCompile                 1 calls
        0 ms  BeforeResourceCompile                      1 calls
        0 ms  _ClCompile                                 1 calls
        0 ms  AfterClCompile                             1 calls
        0 ms  SelectClCompile                            1 calls
        0 ms  BuildCompile                               1 calls
        0 ms  SelectCustomBuild                          1 calls
        0 ms  PrepareResourceNames                       1 calls
        0 ms  AfterLink                                  1 calls
        0 ms  AfterBuild                                 1 calls
        0 ms  BuildLink                                  1 calls
        0 ms  _BuildLinkAction                           1 calls
        0 ms  PrepareForRun                              1 calls
        0 ms  _CheckForCompileOutputs                    1 calls
        0 ms  _CopySourceItemsToOutputDirectory          1 calls
        0 ms  GetCopyToOutputDirectoryXamlAppDefs        1 calls
        0 ms  _Deploy                                    1 calls
        0 ms  PreLinkEvent                               1 calls
        0 ms  _Appverifier                               1 calls
        0 ms  _BscMake                                   1 calls
        0 ms  MakeDirsForBscMake                         1 calls
        0 ms  ComputeCLCompileGeneratedSbrFiles          1 calls
        0 ms  _XdcMake                                   1 calls
        0 ms  MakeDirsForXdcMake                         1 calls
        0 ms  ResolvedXDCMake                            1 calls
        0 ms  _Manifest                                  1 calls
        0 ms  _Link                                      1 calls
        0 ms  CreateSatelliteAssemblies                  1 calls
        0 ms  ComputeCLInputPDBName                      1 calls
        0 ms  Build                                      1 calls
        0 ms  BuildCompileTraverse                       1 calls
        0 ms  BeforeResolveReferences                    1 calls
        0 ms  PrepareProjectReferences                   1 calls
        0 ms  _RemoveNameMetadataFromProjectReferenceItems   1 calls
        0 ms  PlatformPrepareForBuild                    1 calls
        0 ms  ResolveSDKReferences                       1 calls
        0 ms  BeforeClCompile                            1 calls
        0 ms  ResolveAssemblyReferences                  1 calls
        0 ms  AfterResolveReferences                     1 calls
        0 ms  ResolveReferences                          1 calls
        0 ms  BeforeBuildGenerateSources                 1 calls
        0 ms  PreBuildEvent                              1 calls
        0 ms  _SelectedFiles                             1 calls
        0 ms  _Xsd                                       1 calls
        0 ms  ExpandSDKReferences                        1 calls
        0 ms  ComputeMIDLGeneratedCompileInputs          1 calls
        0 ms  BuildGenerateSources                       1 calls
        0 ms  _BuildGenerateSourcesAction                1 calls
        0 ms  AfterBuildGenerateSourcesEvent             1 calls
        0 ms  MakeDirsForMidl                            1 calls
        0 ms  _Midl                                      1 calls
        0 ms  AfterBuildGenerateSources                  1 calls
        0 ms  AfterMidl                                  1 calls
        1 ms  ComputeLegacyManifestEmbedding             1 calls
        1 ms  _CheckWindowsSDKInstalled                  1 calls
        1 ms  CopyFilesToOutputDirectory                 1 calls
        1 ms  FixupCLCompileOptions                      1 calls
        1 ms  ComputeReferenceLinkInputs                 1 calls
        1 ms  GetReferenceAssemblyPaths                  1 calls
        1 ms  ComputeCLGeneratedLinkInputs               1 calls
        1 ms  ComputeLinkSwitches                        1 calls
        1 ms  GetResolvedWinMD                           1 calls
        1 ms  RegisterOutput                             1 calls
        1 ms  GetFrameworkPaths                          1 calls
        1 ms  _GetProjectReferenceTargetFrameworkProperties   1 calls
        1 ms  SetBuildDefaultEnvironmentVariables        1 calls
        1 ms  _ALink                                     1 calls
        1 ms  _PrepareForReferenceResolution             1 calls
        1 ms  SetCABuildNativeEnvironmentVariables       1 calls
        1 ms  ComputeCustomBuildOutput                   1 calls
        1 ms  ComputeManifestInputsTargets               1 calls
        1 ms  _GenerateSatelliteAssemblyInputs           1 calls
        1 ms  SetTelemetryEnvironmentVariables           1 calls
        2 ms  _HandlePackageFileConflicts                1 calls
        2 ms  _PrepareForBuild                           1 calls
        2 ms  CopyFileToFolders                          1 calls
        2 ms  ComputeCLCompileGeneratedXDCFiles          1 calls
        2 ms  GetResolvedLinkLibs                        2 calls
        2 ms  DoLinkOutputFilesMatch                     1 calls
        2 ms  ComputeReferenceCLInput                    1 calls
        2 ms  PostBuildEvent                             1 calls
        2 ms  _CheckForInvalidConfigurationAndPlatform   1 calls
        2 ms  GetTargetPath                              2 calls
        3 ms  MakeDirsForLink                            1 calls
        3 ms  BuildGenerateSourcesTraverse               1 calls
        3 ms  BuildLinkTraverse                          1 calls
        8 ms  WarnCompileDuplicatedFilename              1 calls
        8 ms  MakeDirsForCl                              1 calls
       12 ms  ComputeLinkImportLibraryOutputsForClean    1 calls
       12 ms  AssignProjectConfiguration                 1 calls
       13 ms  FinalizeBuildStatus                        1 calls
       15 ms  _SplitProjectReferencesByFileExistence     1 calls
       15 ms  ResolvedLinkLib                            1 calls
       16 ms  GetNativeManifest                          2 calls
       19 ms  PrepareForBuild                            1 calls
       22 ms  InitializeBuildStatus                      1 calls
       29 ms  GetCopyToOutputDirectoryItems              1 calls
      262 ms  ResolveProjectReferences                   1 calls
     2581 ms  ClCompile                                  1 calls
     4710 ms  Link                                       1 calls

Task Performance Summary:
        0 ms  Message                                    3 calls
        0 ms  ResolvePackageFileConflicts                1 calls
        0 ms  AssignTargetPath                           6 calls
        0 ms  AssignCulture                              1 calls
        1 ms  GetOutOfDateItems                          1 calls
        1 ms  ReadLinesFromFile                          1 calls
        2 ms  SetEnv                                     8 calls
        3 ms  Delete                                     2 calls
        8 ms  ResolveNonMSBuildProjectOutput             1 calls
       12 ms  AssignProjectConfiguration                 1 calls
       13 ms  Touch                                      2 calls
       22 ms  WriteLinesToFile                           2 calls
       23 ms  MakeDir                                    9 calls
      300 ms  MSBuild                                    4 calls
     2578 ms  CL                                         1 calls
     4707 ms  Link                                       1 calls
