  S_util.cpp
c:\dev\a.i project\artificial intelligence\elarsa\stringsutil\src\s_util.h(33): warning C4251: 'Es::S_util::s_stringLower': class 'std::basic_string<char,std::char_traits<char>,std::allocator<char>>' needs to have dll-interface to be used by clients of class 'Es::S_util'
  c:\program files (x86)\microsoft visual studio\2017\community\vc\tools\msvc\14.15.26726\include\xstring(4373): note: see declaration of 'std::basic_string<char,std::char_traits<char>,std::allocator<char>>'
c:\dev\a.i project\artificial intelligence\elarsa\stringsutil\src\s_util.h(34): warning C4251: 'Es::S_util::s_stringUpper': class 'std::basic_string<char,std::char_traits<char>,std::allocator<char>>' needs to have dll-interface to be used by clients of class 'Es::S_util'
  c:\program files (x86)\microsoft visual studio\2017\community\vc\tools\msvc\14.15.26726\include\xstring(4373): note: see declaration of 'std::basic_string<char,std::char_traits<char>,std::allocator<char>>'
     Creating library C:\dev\A.i project\Artificial Intelligence\Elarsa\x64\Release\StringsUtil.lib and object C:\dev\A.i project\Artificial Intelligence\Elarsa\x64\Release\StringsUtil.exp
  Generating code
  All 80 functions were compiled because no usable IPDB/IOBJ from previous compilation was found.
  Finished generating code
  StringsUtil.vcxproj -> C:\dev\A.i project\Artificial Intelligence\Elarsa\x64\Release\StringsUtil.dll

Project Performance Summary:
     9898 ms  C:\dev\A.i project\Artificial Intelligence\Elarsa\StringsUtil\StringsUtil.vcxproj   1 calls
               9898 ms  Build                                      1 calls

Target Performance Summary:
        0 ms  AfterResourceCompile                       1 calls
        0 ms  ComputeLinkInputsFromProject               1 calls
        0 ms  ComputeManifestGeneratedLinkerInputs       1 calls
        0 ms  ComputeRCGeneratedLinkInputs               1 calls
        0 ms  ComputeRCOutputs                           1 calls
        0 ms  BeforeLink                                 1 calls
        0 ms  BuildLinkTraverse                          1 calls
        0 ms  BuildCompile                               1 calls
        0 ms  _BuildCompileAction                        1 calls
        0 ms  AfterBuildCompileEvent                     1 calls
        0 ms  _ResourceCompile                           1 calls
        0 ms  MakeDirsForResourceCompile                 1 calls
        0 ms  BeforeResourceCompile                      1 calls
        0 ms  AfterClCompile                             1 calls
        0 ms  SelectClCompile                            1 calls
        0 ms  BeforeClCompile                            1 calls
        0 ms  CreateCustomManifestResourceNames          1 calls
        0 ms  PrepareResourceNames                       1 calls
        0 ms  PreLinkEvent                               1 calls
        0 ms  AfterLink                                  1 calls
        0 ms  AfterBuild                                 1 calls
        0 ms  BuildLink                                  1 calls
        0 ms  PostBuildEvent                             1 calls
        0 ms  PrepareForRun                              1 calls
        0 ms  _CopySourceItemsToOutputDirectory          1 calls
        0 ms  GetCopyToOutputDirectoryXamlAppDefs        1 calls
        0 ms  _Deploy                                    1 calls
        0 ms  BuildCompileTraverse                       1 calls
        0 ms  _Appverifier                               1 calls
        0 ms  _BscMake                                   1 calls
        0 ms  _XdcMake                                   1 calls
        0 ms  MakeDirsForXdcMake                         1 calls
        0 ms  ResolvedXDCMake                            1 calls
        0 ms  _Manifest                                  1 calls
        0 ms  _ALink                                     1 calls
        0 ms  _Link                                      1 calls
        0 ms  CreateSatelliteAssemblies                  1 calls
        0 ms  BuildGenerateSources                       1 calls
        0 ms  Build                                      1 calls
        0 ms  AfterBuildGenerateSourcesEvent             1 calls
        0 ms  BeforeResolveReferences                    1 calls
        0 ms  PrepareProjectReferences                   1 calls
        0 ms  GetResolvedWinMD                           1 calls
        0 ms  SetCABuildNativeEnvironmentVariables       1 calls
        0 ms  ResolveSDKReferences                       1 calls
        0 ms  _BuildGenerateSourcesAction                1 calls
        0 ms  ResolveAssemblyReferences                  1 calls
        0 ms  AfterResolveReferences                     1 calls
        0 ms  ResolveReferences                          1 calls
        0 ms  BuildGenerateSourcesTraverse               1 calls
        0 ms  BeforeBuildGenerateSources                 1 calls
        0 ms  _Xsd                                       1 calls
        0 ms  ExpandSDKReferences                        1 calls
        0 ms  ComputeMIDLGeneratedCompileInputs          1 calls
        0 ms  AfterBuildGenerateSources                  1 calls
        0 ms  AfterMidl                                  1 calls
        0 ms  _Midl                                      1 calls
        1 ms  _SelectedFiles                             1 calls
        1 ms  DoLinkOutputFilesMatch                     1 calls
        1 ms  GetReferenceAssemblyPaths                  1 calls
        1 ms  ComputeCLInputPDBName                      1 calls
        1 ms  ComputeLegacyManifestEmbedding             1 calls
        1 ms  ComputeCustomBuildOutput                   1 calls
        1 ms  _BuildLinkAction                           1 calls
        1 ms  _CheckForCompileOutputs                    1 calls
        1 ms  _CheckWindowsSDKInstalled                  1 calls
        1 ms  ComputeCLGeneratedLinkInputs               1 calls
        1 ms  SelectCustomBuild                          1 calls
        1 ms  PreBuildEvent                              1 calls
        1 ms  ComputeManifestInputsTargets               1 calls
        1 ms  ComputeCLCompileGeneratedSbrFiles          1 calls
        2 ms  RegisterOutput                             1 calls
        2 ms  SetBuildDefaultEnvironmentVariables        1 calls
        2 ms  ComputeReferenceCLInput                    1 calls
        2 ms  ComputeCLCompileGeneratedXDCFiles          1 calls
        2 ms  _GenerateSatelliteAssemblyInputs           1 calls
        3 ms  MakeDirsForBscMake                         1 calls
        3 ms  GetCopyToOutputDirectoryItems              1 calls
        5 ms  AssignTargetPaths                          1 calls
        5 ms  GetFrameworkPaths                          1 calls
        5 ms  PlatformPrepareForBuild                    1 calls
        5 ms  ComputeCLOutputs                           1 calls
        6 ms  SplitResourcesByCulture                    1 calls
        6 ms  _ClCompile                                 1 calls
        7 ms  MakeDirsForLink                            1 calls
        8 ms  ComputeLinkSwitches                        1 calls
       10 ms  CopyFilesToOutputDirectory                 1 calls
       10 ms  MakeDirsForMidl                            1 calls
       11 ms  _PrepareForReferenceResolution             1 calls
       14 ms  _SplitProjectReferencesByFileExistence     1 calls
       14 ms  FixupCLCompileOptions                      1 calls
       14 ms  MakeDirsForCl                              1 calls
       20 ms  WarnCompileDuplicatedFilename              1 calls
       24 ms  _GetProjectReferenceTargetFrameworkProperties   1 calls
       35 ms  AssignProjectConfiguration                 1 calls
       37 ms  FinalizeBuildStatus                        1 calls
       40 ms  ComputeLinkImportLibraryOutputsForClean    1 calls
       46 ms  CopyFileToFolders                          1 calls
       53 ms  SetTelemetryEnvironmentVariables           1 calls
       63 ms  _PrepareForBuild                           1 calls
       78 ms  ResolveProjectReferences                   1 calls
       82 ms  InitializeBuildStatus                      1 calls
       94 ms  PrepareForBuild                            1 calls
      136 ms  _HandlePackageFileConflicts                1 calls
      266 ms  _CheckForInvalidConfigurationAndPlatform   1 calls
     2902 ms  ClCompile                                  1 calls
     5697 ms  Link                                       1 calls

Task Performance Summary:
        3 ms  ReadLinesFromFile                          1 calls
        4 ms  AssignTargetPath                           6 calls
        5 ms  AssignCulture                              1 calls
       17 ms  MSBuild                                    1 calls
       23 ms  Delete                                     2 calls
       28 ms  SetEnv                                     8 calls
       34 ms  AssignProjectConfiguration                 1 calls
       46 ms  GetOutOfDateItems                          1 calls
       62 ms  Touch                                      2 calls
       66 ms  WriteLinesToFile                           2 calls
       81 ms  MakeDir                                    9 calls
       89 ms  Message                                    3 calls
      129 ms  ResolvePackageFileConflicts                1 calls
     2897 ms  CL                                         1 calls
     5688 ms  Link                                       1 calls
