  LINK : C:\dev\A.i project\Artificial Intelligence\Elarsa\Debug\StringsUtil.dll not found or not built by the last incremental link; performing full link
     Creating library C:\dev\A.i project\Artificial Intelligence\Elarsa\Debug\StringsUtil.lib and object C:\dev\A.i project\Artificial Intelligence\Elarsa\Debug\StringsUtil.exp
  StringsUtil.vcxproj -> C:\dev\A.i project\Artificial Intelligence\Elarsa\Debug\StringsUtil.dll

Project Performance Summary:
     3790 ms  C:\dev\A.i project\Artificial Intelligence\Elarsa\StringsUtil\StringsUtil.vcxproj   1 calls
               3790 ms  Build                                      1 calls

Target Performance Summary:
        0 ms  AfterResourceCompile                       1 calls
        0 ms  ComputeManifestInputsTargets               1 calls
        0 ms  ComputeManifestGeneratedLinkerInputs       1 calls
        0 ms  ComputeRCGeneratedLinkInputs               1 calls
        0 ms  ComputeRCOutputs                           1 calls
        0 ms  BeforeLink                                 1 calls
        0 ms  BuildCompile                               1 calls
        0 ms  _BuildCompileAction                        1 calls
        0 ms  AfterBuildCompileEvent                     1 calls
        0 ms  _ResourceCompile                           1 calls
        0 ms  BeforeResourceCompile                      1 calls
        0 ms  _ClCompile                                 1 calls
        0 ms  AfterClCompile                             1 calls
        0 ms  SelectClCompile                            1 calls
        0 ms  SelectCustomBuild                          1 calls
        0 ms  BeforeClCompile                            1 calls
        0 ms  CreateCustomManifestResourceNames          1 calls
        0 ms  BuildCompileTraverse                       1 calls
        0 ms  PrepareResourceNames                       1 calls
        0 ms  _Link                                      1 calls
        0 ms  AfterBuild                                 1 calls
        0 ms  BuildLink                                  1 calls
        0 ms  _BuildLinkAction                           1 calls
        0 ms  PostBuildEvent                             1 calls
        0 ms  PrepareForRun                              1 calls
        0 ms  _CopySourceItemsToOutputDirectory          1 calls
        0 ms  _Deploy                                    1 calls
        0 ms  _Appverifier                               1 calls
        0 ms  _BscMake                                   1 calls
        0 ms  ComputeCLCompileGeneratedSbrFiles          1 calls
        0 ms  _XdcMake                                   1 calls
        0 ms  MakeDirsForXdcMake                         1 calls
        0 ms  ResolvedXDCMake                            1 calls
        0 ms  _Manifest                                  1 calls
        0 ms  _ALink                                     1 calls
        0 ms  AfterLink                                  1 calls
        0 ms  BuildGenerateSources                       1 calls
        0 ms  Build                                      1 calls
        0 ms  AfterBuildGenerateSourcesEvent             1 calls
        0 ms  BeforeResolveReferences                    1 calls
        0 ms  PrepareProjectReferences                   1 calls
        0 ms  GetReferenceAssemblyPaths                  1 calls
        0 ms  SetCABuildNativeEnvironmentVariables       1 calls
        0 ms  _BuildGenerateSourcesAction                1 calls
        0 ms  ExpandSDKReferences                        1 calls
        0 ms  AfterResolveReferences                     1 calls
        0 ms  ResolveReferences                          1 calls
        0 ms  BeforeBuildGenerateSources                 1 calls
        0 ms  PreBuildEvent                              1 calls
        0 ms  _SelectedFiles                             1 calls
        0 ms  ResolveSDKReferences                       1 calls
        0 ms  AfterBuildGenerateSources                  1 calls
        0 ms  _Xsd                                       1 calls
        0 ms  AfterMidl                                  1 calls
        0 ms  ComputeMIDLGeneratedCompileInputs          1 calls
        1 ms  PreLinkEvent                               1 calls
        1 ms  ResolveAssemblyReferences                  1 calls
        1 ms  RegisterOutput                             1 calls
        1 ms  ComputeCLGeneratedLinkInputs               1 calls
        1 ms  ComputeLegacyManifestEmbedding             1 calls
        1 ms  MakeDirsForResourceCompile                 1 calls
        1 ms  GetCopyToOutputDirectoryXamlAppDefs        1 calls
        1 ms  _CheckForCompileOutputs                    1 calls
        1 ms  _GenerateSatelliteAssemblyInputs           1 calls
        1 ms  ComputeCLInputPDBName                      1 calls
        1 ms  MakeDirsForBscMake                         1 calls
        1 ms  ComputeCLCompileGeneratedXDCFiles          1 calls
        1 ms  ComputeLinkInputsFromProject               1 calls
        1 ms  ComputeCustomBuildOutput                   1 calls
        1 ms  _CheckWindowsSDKInstalled                  1 calls
        1 ms  GetResolvedWinMD                           1 calls
        1 ms  SetBuildDefaultEnvironmentVariables        1 calls
        1 ms  CreateSatelliteAssemblies                  1 calls
        1 ms  BuildGenerateSourcesTraverse               1 calls
        1 ms  _Midl                                      1 calls
        1 ms  DoLinkOutputFilesMatch                     1 calls
        2 ms  CopyFilesToOutputDirectory                 1 calls
        3 ms  ComputeReferenceCLInput                    1 calls
        3 ms  GetCopyToOutputDirectoryItems              1 calls
        4 ms  PlatformPrepareForBuild                    1 calls
        5 ms  MakeDirsForLink                            1 calls
        5 ms  GetFrameworkPaths                          1 calls
        5 ms  AssignTargetPaths                          1 calls
        6 ms  SplitResourcesByCulture                    1 calls
        7 ms  ComputeCLOutputs                           1 calls
        8 ms  MakeDirsForMidl                            1 calls
        9 ms  BuildLinkTraverse                          1 calls
        9 ms  ComputeLinkSwitches                        1 calls
       14 ms  _PrepareForReferenceResolution             1 calls
       16 ms  _SplitProjectReferencesByFileExistence     1 calls
       17 ms  FixupCLCompileOptions                      1 calls
       17 ms  ComputeLinkImportLibraryOutputsForClean    1 calls
       18 ms  MakeDirsForCl                              1 calls
       19 ms  WarnCompileDuplicatedFilename              1 calls
       25 ms  _GetProjectReferenceTargetFrameworkProperties   1 calls
       25 ms  FinalizeBuildStatus                        1 calls
       41 ms  AssignProjectConfiguration                 1 calls
       44 ms  SetTelemetryEnvironmentVariables           1 calls
       45 ms  CopyFileToFolders                          1 calls
       61 ms  _PrepareForBuild                           1 calls
       77 ms  ResolveProjectReferences                   1 calls
       91 ms  PrepareForBuild                            1 calls
       95 ms  InitializeBuildStatus                      1 calls
      135 ms  _HandlePackageFileConflicts                1 calls
      271 ms  _CheckForInvalidConfigurationAndPlatform   1 calls
      366 ms  ClCompile                                  1 calls
     2156 ms  Link                                       1 calls

Task Performance Summary:
        4 ms  AssignCulture                              1 calls
        5 ms  AssignTargetPath                           6 calls
       14 ms  Delete                                     1 calls
       18 ms  MSBuild                                    1 calls
       27 ms  SetEnv                                     8 calls
       35 ms  ReadLinesFromFile                          1 calls
       36 ms  WriteLinesToFile                           2 calls
       39 ms  AssignProjectConfiguration                 1 calls
       41 ms  Touch                                      2 calls
       45 ms  GetOutOfDateItems                          1 calls
       60 ms  MakeDir                                    9 calls
       62 ms  Message                                    3 calls
      126 ms  ResolvePackageFileConflicts                1 calls
      363 ms  CL                                         1 calls
     2144 ms  Link                                       1 calls
